This is pdfTeX, Version 3.1415926-1.40.8-beta-20080627 (MiKTeX 2.7) (preloaded format=latex 2008.7.23)  24 JUL 2008 01:16
entering extended mode
**ex000.tex
(ex000.tex
LaTeX2e <2005/12/01>
Babel <v3.8j> and hyphenation patterns for english, dumylang, nohyphenation, ge
rman, ngerman, german-x-2008-06-18, ngerman-x-2008-06-18, french, loaded.
! Undefined control sequence.
l.3 \psset
          {linewidth=.3pt}
? x
 
Here is how much of TeX's memory you used:
 6 strings out of 95306
 90 string characters out of 1183057
 45003 words of memory out of 1500000
 3305 multiletter control sequences out of 110000
 3640 words of font info for 14 fonts, out of 1200000 for 2000
 14 hyphenation exceptions out of 8191
 5i,0n,1p,78b,8s stack positions out of 5000i,500n,10000p,200000b,5000s
No pages of output.
